warning: Git tree '/home/salman/nixos_config/master' is dirty
building the system configuration...
warning: Git tree '/home/salman/nixos_config/master' is dirty
these 12 derivations will be built:
  /nix/store/0dcyki0xc5smpavnqcd3cqn3f07smx5z-system-path.drv
  /nix/store/pb25a18gyzs0pya291ii70bjiiizyi9a-dbus-1.drv
  /nix/store/7s7cyi4rz5nslmyk7z5fl47kp648lblg-X-Restart-Triggers-dbus-broker.drv
  /nix/store/snhc6j6iwy1ib8ig91z1g8mqpk36n2x9-unit-dbus-broker.service.drv
  /nix/store/9mh67f3l2x3cbxs2gbw0ikpvgz1w719v-user-units.drv
  /nix/store/3y1ns40xij7gfl2hlkc91ik830g515lx-X-Restart-Triggers-polkit.drv
  /nix/store/bqj74y740rs39xr4aq39sj6dk2dp3k4r-unit-polkit.service.drv
  /nix/store/mpapcnbsy3vim9q7r0xmn1nszpmmsdvy-unit-accounts-daemon.service.drv
  /nix/store/yr8abvdnkqpx7r2wr2mbmzfpwhx2ivsc-unit-dbus-broker.service.drv
  /nix/store/yrnnkr3bi0mfs5kzdd2bawlkzz0k65h2-system-units.drv
  /nix/store/0hg4c29gx104rx6bra9s9qna8mnqn08j-etc.drv
  /nix/store/7wp9va0chgik995n3rl7a1pac09372pc-nixos-system-nixos-24.05.20240413.692ceb3.drv
this path will be fetched (1.49 MiB download, 6.16 MiB unpacked):
  /nix/store/pgjrsdivi6l5733q96yk1n7i7sq68fwc-jay-unstable-2022-11-20
copying path '/nix/store/pgjrsdivi6l5733q96yk1n7i7sq68fwc-jay-unstable-2022-11-20' from 'https://cache.nixos.org'...
building '/nix/store/0dcyki0xc5smpavnqcd3cqn3f07smx5z-system-path.drv'...
building '/nix/store/3y1ns40xij7gfl2hlkc91ik830g515lx-X-Restart-Triggers-polkit.drv'...
building '/nix/store/pb25a18gyzs0pya291ii70bjiiizyi9a-dbus-1.drv'...
building '/nix/store/mpapcnbsy3vim9q7r0xmn1nszpmmsdvy-unit-accounts-daemon.service.drv'...
building '/nix/store/7s7cyi4rz5nslmyk7z5fl47kp648lblg-X-Restart-Triggers-dbus-broker.drv'...
building '/nix/store/bqj74y740rs39xr4aq39sj6dk2dp3k4r-unit-polkit.service.drv'...
building '/nix/store/snhc6j6iwy1ib8ig91z1g8mqpk36n2x9-unit-dbus-broker.service.drv'...
building '/nix/store/yr8abvdnkqpx7r2wr2mbmzfpwhx2ivsc-unit-dbus-broker.service.drv'...
building '/nix/store/9mh67f3l2x3cbxs2gbw0ikpvgz1w719v-user-units.drv'...
building '/nix/store/yrnnkr3bi0mfs5kzdd2bawlkzz0k65h2-system-units.drv'...
building '/nix/store/0hg4c29gx104rx6bra9s9qna8mnqn08j-etc.drv'...
building '/nix/store/7wp9va0chgik995n3rl7a1pac09372pc-nixos-system-nixos-24.05.20240413.692ceb3.drv'...
updating GRUB 2 menu...
Warning: os-prober will be executed to detect other bootable partitions.
Its output will be used to detect bootable binaries on them and create new boot entries.
lsblk: /dev/mapper/no*[0-9]: not a block device
lsblk: /dev/mapper/raid*[0-9]: not a block device
lsblk: /dev/mapper/disks*[0-9]: not a block device
stopping the following units: accounts-daemon.service
activating the configuration...
setting up /etc...
reloading user units for salman...
restarting sysinit-reactivation.target
reloading the following units: dbus-broker.service
restarting the following units: polkit.service
starting the following units: accounts-daemon.service
the following new units were started: libvirtd.service, sysinit-reactivation.target, systemd-tmpfiles-resetup.service
